utility -- 2019-08-21 17:58:22,319 -- CRITICAL : Could not access https://www.washington.edu/students/timeschd/AUT2019/lead.html. HTTP Status Code: 404
utility -- 2019-08-21 17:58:26,393 -- CRITICAL : Could not access https://www.washington.edu/students/timeschd/AUT2019/artsci.html. HTTP Status Code: 404
utility -- 2019-08-21 17:58:26,509 -- CRITICAL : Could not access https://www.washington.edu/students/timeschd/AUT2019/arts.html. HTTP Status Code: 404
utility -- 2019-08-21 17:58:32,602 -- CRITICAL : Could not access https://www.washington.edu/students/timeschd/AUT2019/cling.html. HTTP Status Code: 404
utility -- 2019-08-21 17:58:33,823 -- CRITICAL : Could not access https://www.washington.edu/students/timeschd/AUT2019/commld.html. HTTP Status Code: 404
utility -- 2019-08-21 17:58:38,842 -- CRITICAL : Could not access https://www.washington.edu/students/timeschd/AUT2019/gis.html. HTTP Status Code: 404
utility -- 2019-08-21 17:58:41,925 -- CRITICAL : Could not access https://www.washington.edu/students/timeschd/AUT2019/intsci.html. HTTP Status Code: 404
utility -- 2019-08-21 17:58:43,192 -- CRITICAL : Could not access https://www.washington.edu/students/timeschd/AUT2019/jsisc.html. HTTP Status Code: 404
utility -- 2019-08-21 17:58:43,303 -- CRITICAL : Could not access https://www.washington.edu/students/timeschd/AUT2019/jsisd.html. HTTP Status Code: 404
utility -- 2019-08-21 17:58:47,676 -- CRITICAL : Could not access https://www.washington.edu/students/timeschd/AUT2019/aramic.html. HTTP Status Code: 404
utility -- 2019-08-21 17:58:47,786 -- CRITICAL : Could not access https://www.washington.edu/students/timeschd/AUT2019/coptic.html. HTTP Status Code: 404
utility -- 2019-08-21 17:58:47,863 -- CRITICAL : Could not access https://www.washington.edu/students/timeschd/AUT2019/egypt.html. HTTP Status Code: 404
utility -- 2019-08-21 17:58:47,951 -- CRITICAL : Could not access https://www.washington.edu/students/timeschd/AUT2019/geez.html. HTTP Status Code: 404
utility -- 2019-08-21 17:58:48,038 -- CRITICAL : Could not access https://www.washington.edu/students/timeschd/AUT2019/hebrew.html. HTTP Status Code: 404
utility -- 2019-08-21 17:58:49,334 -- CRITICAL : Could not access https://www.washington.edu/students/timeschd/AUT2019/chgtai.html. HTTP Status Code: 404
utility -- 2019-08-21 17:58:49,631 -- CRITICAL : Could not access https://www.washington.edu/students/timeschd/AUT2019/kyrgyz.html. HTTP Status Code: 404
utility -- 2019-08-21 17:58:50,385 -- CRITICAL : Could not access https://www.washington.edu/students/timeschd/AUT2019/ugarit.html. HTTP Status Code: 404
utility -- 2019-08-21 17:58:50,486 -- CRITICAL : Could not access https://www.washington.edu/students/timeschd/AUT2019/nbio.html. HTTP Status Code: 404
utility -- 2019-08-21 17:58:50,821 -- CRITICAL : Could not access https://www.washington.edu/students/timeschd/AUT2019/ethics.html. HTTP Status Code: 404
utility -- 2019-08-21 17:58:50,941 -- CRITICAL : Could not access https://www.washington.edu/students/timeschd/AUT2019/hps.html. HTTP Status Code: 404
utility -- 2019-08-21 17:58:51,397 -- CRITICAL : Could not access https://www.washington.edu/students/timeschd/AUT2019/values.html. HTTP Status Code: 404
utility -- 2019-08-21 17:58:54,656 -- CRITICAL : Could not access https://www.washington.edu/students/timeschd/AUT2019/icel.html. HTTP Status Code: 404
utility -- 2019-08-21 17:58:56,079 -- CRITICAL : Could not access https://www.washington.edu/students/timeschd/AUT2019/bulgar.html. HTTP Status Code: 404
utility -- 2019-08-21 17:58:56,171 -- CRITICAL : Could not access https://www.washington.edu/students/timeschd/AUT2019/czech.html. HTTP Status Code: 404
utility -- 2019-08-21 17:58:56,281 -- CRITICAL : Could not access https://www.washington.edu/students/timeschd/AUT2019/georg.html. HTTP Status Code: 404
utility -- 2019-08-21 17:58:57,028 -- CRITICAL : Could not access https://www.washington.edu/students/timeschd/AUT2019/slav.html. HTTP Status Code: 404
utility -- 2019-08-21 17:58:57,832 -- CRITICAL : Could not access https://www.washington.edu/students/timeschd/AUT2019/socsci.html. HTTP Status Code: 404
utility -- 2019-08-21 17:58:58,766 -- CRITICAL : Could not access https://www.washington.edu/students/timeschd/AUT2019/spanlin.html. HTTP Status Code: 404
utility -- 2019-08-21 17:59:01,288 -- CRITICAL : Could not access https://www.washington.edu/students/timeschd/AUT2019/ipm.html. HTTP Status Code: 404
utility -- 2019-08-21 17:59:01,410 -- CRITICAL : Could not access https://www.washington.edu/students/timeschd/AUT2019/spci.html. HTTP Status Code: 404
utility -- 2019-08-21 17:59:02,178 -- CRITICAL : Could not access https://www.washington.edu/students/timeschd/AUT2019/admin.html. HTTP Status Code: 404
utility -- 2019-08-21 17:59:03,283 -- CRITICAL : Could not access https://www.washington.edu/students/timeschd/AUT2019/bpol.html. HTTP Status Code: 404
utility -- 2019-08-21 17:59:03,375 -- CRITICAL : Could not access https://www.washington.edu/students/timeschd/AUT2019/ebiz.html. HTTP Status Code: 404
utility -- 2019-08-21 17:59:03,975 -- CRITICAL : Could not access https://www.washington.edu/students/timeschd/AUT2019/hrmob.html. HTTP Status Code: 404
utility -- 2019-08-21 17:59:05,809 -- CRITICAL : Could not access https://www.washington.edu/students/timeschd/AUT2019/orgenv.html. HTTP Status Code: 404
utility -- 2019-08-21 17:59:06,128 -- CRITICAL : Could not access https://www.washington.edu/students/timeschd/AUT2019/stratm.html. HTTP Status Code: 404
utility -- 2019-08-21 17:59:06,640 -- CRITICAL : Could not access https://www.washington.edu/students/timeschd/AUT2019/dentel.html. HTTP Status Code: 404
utility -- 2019-08-21 17:59:07,752 -- CRITICAL : Could not access https://www.washington.edu/students/timeschd/AUT2019/dphs.html. HTTP Status Code: 404
utility -- 2019-08-21 17:59:08,255 -- CRITICAL : Could not access https://www.washington.edu/students/timeschd/AUT2019/oralbio.html. HTTP Status Code: 404
utility -- 2019-08-21 17:59:10,853 -- CRITICAL : Could not access https://www.washington.edu/students/timeschd/AUT2019/ece.html. HTTP Status Code: 404
utility -- 2019-08-21 17:59:12,958 -- CRITICAL : Could not access https://www.washington.edu/students/timeschd/AUT2019/nme.html. HTTP Status Code: 404
utility -- 2019-08-21 17:59:14,768 -- CRITICAL : Could not access https://www.washington.edu/students/timeschd/AUT2019/csed.html. HTTP Status Code: 404
utility -- 2019-08-21 17:59:16,674 -- CRITICAL : Could not access https://www.washington.edu/students/timeschd/AUT2019/meie.html. HTTP Status Code: 404
utility -- 2019-08-21 17:59:17,546 -- CRITICAL : Could not access https://www.washington.edu/students/timeschd/AUT2019/scit.html. HTTP Status Code: 404
utility -- 2019-08-21 17:59:20,448 -- CRITICAL : Could not access https://www.washington.edu/students/timeschd/AUT2019/qrc.html. HTTP Status Code: 404
utility -- 2019-08-21 17:59:21,635 -- CRITICAL : Could not access https://www.washington.edu/students/timeschd/AUT2019/data.html. HTTP Status Code: 404
utility -- 2019-08-21 17:59:21,894 -- CRITICAL : Could not access https://www.washington.edu/students/timeschd/AUT2019/hcid.html. HTTP Status Code: 404
utility -- 2019-08-21 17:59:21,967 -- CRITICAL : Could not access https://www.washington.edu/students/timeschd/AUT2019/hdd.html. HTTP Status Code: 404
utility -- 2019-08-21 17:59:23,784 -- CRITICAL : Could not access https://www.washington.edu/students/timeschd/AUT2019/techin.html. HTTP Status Code: 404
utility -- 2019-08-21 17:59:24,158 -- CRITICAL : Could not access https://www.washington.edu/students/timeschd/AUT2019/medeng.html. HTTP Status Code: 404
utility -- 2019-08-21 17:59:24,260 -- CRITICAL : Could not access https://www.washington.edu/students/timeschd/AUT2019/pharbe.html. HTTP Status Code: 404
utility -- 2019-08-21 17:59:37,237 -- CRITICAL : Could not access https://www.washington.edu/students/timeschd/AUT2019/heor.html. HTTP Status Code: 404
utility -- 2019-08-21 17:59:40,905 -- CRITICAL : Could not access https://www.washington.edu/students/timeschd/AUT2019/hsmgmt.html. HTTP Status Code: 404
utility -- 2019-08-21 17:59:46,510 -- CRITICAL : Could not access http://www.washington.edu/students/timeschd/B/AUT2019/blead.html. HTTP Status Code: 404
utility -- 2019-08-21 17:59:48,867 -- CRITICAL : Could not access http://www.washington.edu/students/timeschd/B/AUT2019/bacct.html. HTTP Status Code: 404
utility -- 2019-08-21 17:59:49,260 -- CRITICAL : Could not access http://www.washington.edu/students/timeschd/B/AUT2019/95bbus. HTTP Status Code: 404
utility -- 2019-08-21 17:59:50,903 -- CRITICAL : Could not access http://www.washington.edu/students/timeschd/B/AUT2019/bisaes.html. HTTP Status Code: 404
utility -- 2019-08-21 17:59:51,199 -- CRITICAL : Could not access http://www.washington.edu/students/timeschd/B/AUT2019/biscla.html. HTTP Status Code: 404
utility -- 2019-08-21 18:00:01,740 -- CRITICAL : Could not access https://www.washington.edu/students/timeschd/T/AUT2019/tfin.html. HTTP Status Code: 404
utility -- 2019-08-21 18:00:01,853 -- CRITICAL : Could not access https://www.washington.edu/students/timeschd/T/AUT2019/tis.html. HTTP Status Code: 404
utility -- 2019-08-21 18:00:06,473 -- CRITICAL : Could not access https://www.washington.edu/students/timeschd/T/AUT2019/tanth.html. HTTP Status Code: 404
utility -- 2019-08-21 18:00:08,508 -- CRITICAL : Could not access https://www.washington.edu/students/timeschd/T/AUT2019/tcultr.html. HTTP Status Code: 404
utility -- 2019-08-21 18:00:09,777 -- CRITICAL : Could not access https://www.washington.edu/students/timeschd/T/AUT2019/tgeog.html. HTTP Status Code: 404
utility -- 2019-08-21 18:00:10,469 -- CRITICAL : Could not access https://www.washington.edu/students/timeschd/T/AUT2019/tlax.html. HTTP Status Code: 404
utility -- 2019-08-21 18:00:15,274 -- CRITICAL : Could not access https://www.washington.edu/students/timeschd/T/AUT2019/tgeog.html. HTTP Status Code: 404
utility -- 2019-08-21 18:00:16,050 -- INFO : parse_schedules ran in 114.8 seconds
